<?xml version="1.0" encoding="UTF-8"?>
<testsuite name="com.platzi.market.PlatziMarketApplicationTests" tests="1" skipped="0" failures="0" errors="0" timestamp="2020-09-23T00:15:23" hostname="DESKTOP-80GV13E" time="1.003">
  <properties/>
  <testcase name="contextLoads()" classname="com.platzi.market.PlatziMarketApplicationTests" time="1.003"/>
  <system-out><![CDATA[21:15:17.037 [Test worker] DEBUG org.springframework.test.context.BootstrapUtils - Instantiating CacheAwareContextLoaderDelegate from class [org.springframework.test.context.cache.DefaultCacheAwareContextLoaderDelegate]
21:15:17.080 [Test worker] DEBUG org.springframework.test.context.BootstrapUtils - Instantiating BootstrapContext using constructor [public org.springframework.test.context.support.DefaultBootstrapContext(java.lang.Class,org.springframework.test.context.CacheAwareContextLoaderDelegate)]
21:15:17.227 [Test worker] DEBUG org.springframework.test.context.BootstrapUtils - Instantiating TestContextBootstrapper for test class [com.platzi.market.PlatziMarketApplicationTests] from class [org.springframework.boot.test.context.SpringBootTestContextBootstrapper]
21:15:17.284 [Test worker] INFO org.springframework.boot.test.context.SpringBootTestContextBootstrapper - Neither @ContextConfiguration nor @ContextHierarchy found for test class [com.platzi.market.PlatziMarketApplicationTests], using SpringBootContextLoader
21:15:17.300 [Test worker] DEBUG org.springframework.test.context.support.AbstractContextLoader - Did not detect default resource location for test class [com.platzi.market.PlatziMarketApplicationTests]: class path resource [com/platzi/market/PlatziMarketApplicationTests-context.xml] does not exist
21:15:17.303 [Test worker] DEBUG org.springframework.test.context.support.AbstractContextLoader - Did not detect default resource location for test class [com.platzi.market.PlatziMarketApplicationTests]: class path resource [com/platzi/market/PlatziMarketApplicationTestsContext.groovy] does not exist
21:15:17.303 [Test worker] INFO org.springframework.test.context.support.AbstractContextLoader - Could not detect default resource locations for test class [com.platzi.market.PlatziMarketApplicationTests]: no resource found for suffixes {-context.xml, Context.groovy}.
21:15:17.306 [Test worker] INFO org.springframework.test.context.support.AnnotationConfigContextLoaderUtils - Could not detect default configuration classes for test class [com.platzi.market.PlatziMarketApplicationTests]: PlatziMarketApplicationTests does not declare any static, non-private, non-final, nested classes annotated with @Configuration.
21:15:17.462 [Test worker] DEBUG org.springframework.test.context.support.ActiveProfilesUtils - Could not find an 'annotation declaring class' for annotation type [org.springframework.test.context.ActiveProfiles] and class [com.platzi.market.PlatziMarketApplicationTests]
21:15:17.819 [Test worker] DEBUG org.springframework.context.annotation.ClassPathScanningCandidateComponentProvider - Identified candidate component class: file [C:\platzi\platzi-market\build\classes\java\main\com\platzi\market\PlatziMarketApplication.class]
21:15:17.823 [Test worker] INFO org.springframework.boot.test.context.SpringBootTestContextBootstrapper - Found @SpringBootConfiguration com.platzi.market.PlatziMarketApplication for test class com.platzi.market.PlatziMarketApplicationTests
21:15:18.123 [Test worker] DEBUG org.springframework.boot.test.context.SpringBootTestContextBootstrapper - @TestExecutionListeners is not present for class [com.platzi.market.PlatziMarketApplicationTests]: using defaults.
21:15:18.127 [Test worker] INFO org.springframework.boot.test.context.SpringBootTestContextBootstrapper - Loaded default TestExecutionListener class names from location [META-INF/spring.factories]: [org.springframework.boot.test.autoconfigure.restdocs.RestDocsTestExecutionListener, org.springframework.boot.test.autoconfigure.web.client.MockRestServiceServerResetTestExecutionListener, org.springframework.boot.test.autoconfigure.web.servlet.MockMvcPrintOnlyOnFailureTestExecutionListener, org.springframework.boot.test.autoconfigure.web.servlet.WebDriverTestExecutionListener, org.springframework.boot.test.autoconfigure.webservices.client.MockWebServiceServerTestExecutionListener, org.springframework.boot.test.mock.mockito.MockitoTestExecutionListener, org.springframework.boot.test.mock.mockito.ResetMocksTestExecutionListener, org.springframework.test.context.web.ServletTestExecutionListener, org.springframework.test.context.support.DirtiesContextBeforeModesTestExecutionListener, org.springframework.test.context.support.DependencyInjectionTestExecutionListener, org.springframework.test.context.support.DirtiesContextTestExecutionListener, org.springframework.test.context.transaction.TransactionalTestExecutionListener, org.springframework.test.context.jdbc.SqlScriptsTestExecutionListener, org.springframework.test.context.event.EventPublishingTestExecutionListener]
21:15:18.180 [Test worker] DEBUG org.springframework.boot.test.context.SpringBootTestContextBootstrapper - Skipping candidate TestExecutionListener [org.springframework.test.context.transaction.TransactionalTestExecutionListener] due to a missing dependency. Specify custom listener classes or make the default listener classes and their required dependencies available. Offending class: [org/springframework/transaction/interceptor/TransactionAttributeSource]
21:15:18.183 [Test worker] DEBUG org.springframework.boot.test.context.SpringBootTestContextBootstrapper - Skipping candidate TestExecutionListener [org.springframework.test.context.jdbc.SqlScriptsTestExecutionListener] due to a missing dependency. Specify custom listener classes or make the default listener classes and their required dependencies available. Offending class: [org/springframework/transaction/interceptor/TransactionAttribute]
21:15:18.185 [Test worker] INFO org.springframework.boot.test.context.SpringBootTestContextBootstrapper - Using TestExecutionListeners: [org.springframework.test.context.web.ServletTestExecutionListener@4e91f56d, org.springframework.test.context.support.DirtiesContextBeforeModesTestExecutionListener@6de17f9c, org.springframework.boot.test.mock.mockito.MockitoTestExecutionListener@38f465d9, org.springframework.boot.test.autoconfigure.SpringBootDependencyInjectionTestExecutionListener@88c23a8, org.springframework.test.context.support.DirtiesContextTestExecutionListener@49f78549, org.springframework.test.context.event.EventPublishingTestExecutionListener@2f8c0e74, org.springframework.boot.test.autoconfigure.restdocs.RestDocsTestExecutionListener@344d7cf1, org.springframework.boot.test.autoconfigure.web.client.MockRestServiceServerResetTestExecutionListener@5db588b3, org.springframework.boot.test.autoconfigure.web.servlet.MockMvcPrintOnlyOnFailureTestExecutionListener@289d9381, org.springframework.boot.test.autoconfigure.web.servlet.WebDriverTestExecutionListener@672dd748, org.springframework.boot.test.autoconfigure.webservices.client.MockWebServiceServerTestExecutionListener@38d895a8, org.springframework.boot.test.mock.mockito.ResetMocksTestExecutionListener@49d96210]
21:15:18.222 [Test worker] DEBUG org.springframework.test.context.support.AbstractDirtiesContextTestExecutionListener - Before test class: context [DefaultTestContext@30d512fa testClass = PlatziMarketApplicationTests, testInstance = [null], testMethod = [null], testException = [null], mergedContextConfiguration = [WebMergedContextConfiguration@5e4165e4 testClass = PlatziMarketApplicationTests, locations = '{}', classes = '{class com.platzi.market.PlatziMarketApplication}', contextInitializerClasses = '[]', activeProfiles = '{}', propertySourceLocations = '{}', propertySourceProperties = '{org.springframework.boot.test.context.SpringBootTestContextBootstrapper=true}', contextCustomizers = set[org.springframework.boot.test.autoconfigure.properties.PropertyMappingContextCustomizer@0, org.springframework.boot.test.autoconfigure.web.servlet.WebDriverContextCustomizerFactory$Customizer@70fd8c36, org.springframework.boot.test.context.filter.ExcludeFilterContextCustomizer@54a80bd9, org.springframework.boot.test.json.DuplicateJsonObjectContextCustomizerFactory$DuplicateJsonObjectContextCustomizer@43b97f4e, org.springframework.boot.test.mock.mockito.MockitoContextCustomizer@0, org.springframework.boot.test.web.client.TestRestTemplateContextCustomizer@28646ead, org.springframework.boot.test.context.SpringBootTestArgs@1], resourceBasePath = 'src/main/webapp', contextLoader = 'org.springframework.boot.test.context.SpringBootContextLoader', parent = [null]], attributes = map['org.springframework.test.context.web.ServletTestExecutionListener.activateListener' -> true]], class annotated with @DirtiesContext [false] with mode [null].
21:15:18.336 [Test worker] DEBUG org.springframework.test.context.support.TestPropertySourceUtils - Adding inlined properties to environment: {spring.jmx.enabled=false, org.springframework.boot.test.context.SpringBootTestContextBootstrapper=true}

  .   ____          _            __ _ _
 /\\ / ___'_ __ _ _(_)_ __  __ _ \ \ \ \
( ( )\___ | '_ | '_| | '_ \/ _` | \ \ \ \
 \\/  ___)| |_)| | | | | || (_| |  ) ) ) )
  '  |____| .__|_| |_|_| |_\__, | / / / /
 =========|_|==============|___/=/_/_/_/
 :: Spring Boot ::        (v2.3.4.RELEASE)

2020-09-22 21:15:19.121  INFO 16900 --- [    Test worker] c.p.market.PlatziMarketApplicationTests  : Starting PlatziMarketApplicationTests on DESKTOP-80GV13E with PID 16900 (started by monic in C:\platzi\platzi-market)
2020-09-22 21:15:19.124  INFO 16900 --- [    Test worker] c.p.market.PlatziMarketApplicationTests  : No active profile set, falling back to default profiles: default
2020-09-22 21:15:23.093  INFO 16900 --- [    Test worker] o.s.s.concurrent.ThreadPoolTaskExecutor  : Initializing ExecutorService 'applicationTaskExecutor'
2020-09-22 21:15:23.921  INFO 16900 --- [    Test worker] c.p.market.PlatziMarketApplicationTests  : Started PlatziMarketApplicationTests in 5.559 seconds (JVM running for 9.654)
]]></system-out>
  <system-err><![CDATA[]]></system-err>
</testsuite>
